<?xml version="1.0" encoding="UTF-8"?>
<testsuite xmlns:xsi="http://www.w3.org/2001/XMLSchema-instance" xsi:noNamespaceSchemaLocation="https://maven.apache.org/surefire/maven-surefire-plugin/xsd/surefire-test-report.xsd" name="com.ling.boot.TliasWebManagmentApplicationTests" time="4.434" tests="1" errors="0" skipped="0" failures="0">
  <properties>
    <property name="sun.desktop" value="windows"/>
    <property name="awt.toolkit" value="sun.awt.windows.WToolkit"/>
    <property name="java.specification.version" value="11"/>
    <property name="sun.cpu.isalist" value="amd64"/>
    <property name="sun.jnu.encoding" value="GBK"/>
    <property name="java.class.path" value="D:\Learn\Learn_Java\JAVA_WEB_Boot\tlias-web-managment\tlias-web-managment\target\test-classes;D:\Learn\Learn_Java\JAVA_WEB_Boot\tlias-web-managment\tlias-web-managment\target\classes;D:\maven_downloads\org\springframework\boot\spring-boot-starter-web\2.7.10\spring-boot-starter-web-2.7.10.jar;D:\maven_downloads\org\springframework\boot\spring-boot-starter\2.7.10\spring-boot-starter-2.7.10.jar;D:\maven_downloads\org\springframework\boot\spring-boot\2.7.10\spring-boot-2.7.10.jar;D:\maven_downloads\org\springframework\boot\spring-boot-autoconfigure\2.7.10\spring-boot-autoconfigure-2.7.10.jar;D:\maven_downloads\org\springframework\boot\spring-boot-starter-logging\2.7.10\spring-boot-starter-logging-2.7.10.jar;D:\maven_downloads\ch\qos\logback\logback-classic\1.2.11\logback-classic-1.2.11.jar;D:\maven_downloads\ch\qos\logback\logback-core\1.2.11\logback-core-1.2.11.jar;D:\maven_downloads\org\apache\logging\log4j\log4j-to-slf4j\2.17.2\log4j-to-slf4j-2.17.2.jar;D:\maven_downloads\org\apache\logging\log4j\log4j-api\2.17.2\log4j-api-2.17.2.jar;D:\maven_downloads\org\slf4j\jul-to-slf4j\1.7.36\jul-to-slf4j-1.7.36.jar;D:\maven_downloads\jakarta\annotation\jakarta.annotation-api\1.3.5\jakarta.annotation-api-1.3.5.jar;D:\maven_downloads\org\yaml\snakeyaml\1.30\snakeyaml-1.30.jar;D:\maven_downloads\org\springframework\boot\spring-boot-starter-json\2.7.10\spring-boot-starter-json-2.7.10.jar;D:\maven_downloads\com\fasterxml\jackson\datatype\jackson-datatype-jdk8\2.13.5\jackson-datatype-jdk8-2.13.5.jar;D:\maven_downloads\com\fasterxml\jackson\datatype\jackson-datatype-jsr310\2.13.5\jackson-datatype-jsr310-2.13.5.jar;D:\maven_downloads\com\fasterxml\jackson\module\jackson-module-parameter-names\2.13.5\jackson-module-parameter-names-2.13.5.jar;D:\maven_downloads\org\springframework\boot\spring-boot-starter-tomcat\2.7.10\spring-boot-starter-tomcat-2.7.10.jar;D:\maven_downloads\org\apache\tomcat\embed\tomcat-embed-core\9.0.73\tomcat-embed-core-9.0.73.jar;D:\maven_downloads\org\apache\tomcat\embed\tomcat-embed-el\9.0.73\tomcat-embed-el-9.0.73.jar;D:\maven_downloads\org\apache\tomcat\embed\tomcat-embed-websocket\9.0.73\tomcat-embed-websocket-9.0.73.jar;D:\maven_downloads\org\springframework\spring-web\5.3.26\spring-web-5.3.26.jar;D:\maven_downloads\org\springframework\spring-beans\5.3.26\spring-beans-5.3.26.jar;D:\maven_downloads\org\springframework\spring-webmvc\5.3.26\spring-webmvc-5.3.26.jar;D:\maven_downloads\org\springframework\spring-context\5.3.26\spring-context-5.3.26.jar;D:\maven_downloads\org\springframework\spring-expression\5.3.26\spring-expression-5.3.26.jar;D:\maven_downloads\org\mybatis\spring\boot\mybatis-spring-boot-starter\2.3.0\mybatis-spring-boot-starter-2.3.0.jar;D:\maven_downloads\org\springframework\boot\spring-boot-starter-jdbc\2.7.10\spring-boot-starter-jdbc-2.7.10.jar;D:\maven_downloads\com\zaxxer\HikariCP\4.0.3\HikariCP-4.0.3.jar;D:\maven_downloads\org\springframework\spring-jdbc\5.3.26\spring-jdbc-5.3.26.jar;D:\maven_downloads\org\springframework\spring-tx\5.3.26\spring-tx-5.3.26.jar;D:\maven_downloads\org\mybatis\spring\boot\mybatis-spring-boot-autoconfigure\2.3.0\mybatis-spring-boot-autoconfigure-2.3.0.jar;D:\maven_downloads\org\mybatis\mybatis\3.5.11\mybatis-3.5.11.jar;D:\maven_downloads\org\mybatis\mybatis-spring\2.1.0\mybatis-spring-2.1.0.jar;D:\maven_downloads\com\mysql\mysql-connector-j\8.0.32\mysql-connector-j-8.0.32.jar;D:\maven_downloads\org\springframework\boot\spring-boot-starter-test\2.7.10\spring-boot-starter-test-2.7.10.jar;D:\maven_downloads\org\springframework\boot\spring-boot-test\2.7.10\spring-boot-test-2.7.10.jar;D:\maven_downloads\org\springframework\boot\spring-boot-test-autoconfigure\2.7.10\spring-boot-test-autoconfigure-2.7.10.jar;D:\maven_downloads\com\jayway\jsonpath\json-path\2.7.0\json-path-2.7.0.jar;D:\maven_downloads\net\minidev\json-smart\2.4.10\json-smart-2.4.10.jar;D:\maven_downloads\net\minidev\accessors-smart\2.4.9\accessors-smart-2.4.9.jar;D:\maven_downloads\org\ow2\asm\asm\9.3\asm-9.3.jar;D:\maven_downloads\org\slf4j\slf4j-api\1.7.36\slf4j-api-1.7.36.jar;D:\maven_downloads\jakarta\xml\bind\jakarta.xml.bind-api\2.3.3\jakarta.xml.bind-api-2.3.3.jar;D:\maven_downloads\jakarta\activation\jakarta.activation-api\1.2.2\jakarta.activation-api-1.2.2.jar;D:\maven_downloads\org\assertj\assertj-core\3.22.0\assertj-core-3.22.0.jar;D:\maven_downloads\org\hamcrest\hamcrest\2.2\hamcrest-2.2.jar;D:\maven_downloads\org\junit\jupiter\junit-jupiter\5.8.2\junit-jupiter-5.8.2.jar;D:\maven_downloads\org\junit\jupiter\junit-jupiter-api\5.8.2\junit-jupiter-api-5.8.2.jar;D:\maven_downloads\org\opentest4j\opentest4j\1.2.0\opentest4j-1.2.0.jar;D:\maven_downloads\org\junit\platform\junit-platform-commons\1.8.2\junit-platform-commons-1.8.2.jar;D:\maven_downloads\org\apiguardian\apiguardian-api\1.1.2\apiguardian-api-1.1.2.jar;D:\maven_downloads\org\junit\jupiter\junit-jupiter-params\5.8.2\junit-jupiter-params-5.8.2.jar;D:\maven_downloads\org\junit\jupiter\junit-jupiter-engine\5.8.2\junit-jupiter-engine-5.8.2.jar;D:\maven_downloads\org\junit\platform\junit-platform-engine\1.8.2\junit-platform-engine-1.8.2.jar;D:\maven_downloads\org\mockito\mockito-core\4.5.1\mockito-core-4.5.1.jar;D:\maven_downloads\net\bytebuddy\byte-buddy\1.12.23\byte-buddy-1.12.23.jar;D:\maven_downloads\net\bytebuddy\byte-buddy-agent\1.12.23\byte-buddy-agent-1.12.23.jar;D:\maven_downloads\org\objenesis\objenesis\3.2\objenesis-3.2.jar;D:\maven_downloads\org\mockito\mockito-junit-jupiter\4.5.1\mockito-junit-jupiter-4.5.1.jar;D:\maven_downloads\org\skyscreamer\jsonassert\1.5.1\jsonassert-1.5.1.jar;D:\maven_downloads\com\vaadin\external\google\android-json\0.0.20131108.vaadin1\android-json-0.0.20131108.vaadin1.jar;D:\maven_downloads\org\springframework\spring-core\5.3.26\spring-core-5.3.26.jar;D:\maven_downloads\org\springframework\spring-jcl\5.3.26\spring-jcl-5.3.26.jar;D:\maven_downloads\org\springframework\spring-test\5.3.26\spring-test-5.3.26.jar;D:\maven_downloads\org\xmlunit\xmlunit-core\2.9.1\xmlunit-core-2.9.1.jar;D:\maven_downloads\com\github\pagehelper\pagehelper-spring-boot-starter\1.4.2\pagehelper-spring-boot-starter-1.4.2.jar;D:\maven_downloads\com\github\pagehelper\pagehelper-spring-boot-autoconfigure\1.4.2\pagehelper-spring-boot-autoconfigure-1.4.2.jar;D:\maven_downloads\com\github\pagehelper\pagehelper\5.3.0\pagehelper-5.3.0.jar;D:\maven_downloads\com\github\jsqlparser\jsqlparser\4.2\jsqlparser-4.2.jar;D:\maven_downloads\org\springframework\boot\spring-boot-configuration-processor\2.7.10\spring-boot-configuration-processor-2.7.10.jar;D:\maven_downloads\io\jsonwebtoken\jjwt\0.9.1\jjwt-0.9.1.jar;D:\maven_downloads\com\fasterxml\jackson\core\jackson-databind\2.13.5\jackson-databind-2.13.5.jar;D:\maven_downloads\com\fasterxml\jackson\core\jackson-annotations\2.13.5\jackson-annotations-2.13.5.jar;D:\maven_downloads\com\fasterxml\jackson\core\jackson-core\2.13.5\jackson-core-2.13.5.jar;D:\maven_downloads\com\alibaba\fastjson\1.2.75\fastjson-1.2.75.jar;D:\maven_downloads\org\springframework\boot\spring-boot-starter-aop\2.7.10\spring-boot-starter-aop-2.7.10.jar;D:\maven_downloads\org\springframework\spring-aop\5.3.26\spring-aop-5.3.26.jar;D:\maven_downloads\org\aspectj\aspectjweaver\1.9.7\aspectjweaver-1.9.7.jar;D:\Learn\Learn_Java\JAVA_WEB_Boot\tlias-pojo\target\tlias-pojo-1.0-SNAPSHOT.jar;D:\Learn\Learn_Java\JAVA_WEB_Boot\tlias-utils\target\tlias-utils-1.0-SNAPSHOT.jar;D:\maven_downloads\com\aliyun\oss\aliyun-sdk-oss\3.15.1\aliyun-sdk-oss-3.15.1.jar;D:\maven_downloads\org\apache\httpcomponents\httpclient\4.5.14\httpclient-4.5.14.jar;D:\maven_downloads\org\apache\httpcomponents\httpcore\4.4.16\httpcore-4.4.16.jar;D:\maven_downloads\commons-codec\commons-codec\1.15\commons-codec-1.15.jar;D:\maven_downloads\org\jdom\jdom2\2.0.6.1\jdom2-2.0.6.1.jar;D:\maven_downloads\org\codehaus\jettison\jettison\1.1\jettison-1.1.jar;D:\maven_downloads\stax\stax-api\1.0.1\stax-api-1.0.1.jar;D:\maven_downloads\com\aliyun\aliyun-java-sdk-core\4.5.10\aliyun-java-sdk-core-4.5.10.jar;D:\maven_downloads\com\google\code\gson\gson\2.9.1\gson-2.9.1.jar;D:\maven_downloads\commons-logging\commons-logging\1.2\commons-logging-1.2.jar;D:\maven_downloads\org\jacoco\org.jacoco.agent\0.8.5\org.jacoco.agent-0.8.5-runtime.jar;D:\maven_downloads\org\ini4j\ini4j\0.5.4\ini4j-0.5.4.jar;D:\maven_downloads\io\opentracing\opentracing-api\0.33.0\opentracing-api-0.33.0.jar;D:\maven_downloads\io\opentracing\opentracing-util\0.33.0\opentracing-util-0.33.0.jar;D:\maven_downloads\io\opentracing\opentracing-noop\0.33.0\opentracing-noop-0.33.0.jar;D:\maven_downloads\com\aliyun\aliyun-java-sdk-ram\3.1.0\aliyun-java-sdk-ram-3.1.0.jar;D:\maven_downloads\com\aliyun\aliyun-java-sdk-kms\2.11.0\aliyun-java-sdk-kms-2.11.0.jar;D:\maven_downloads\javax\xml\bind\jaxb-api\2.3.1\jaxb-api-2.3.1.jar;D:\maven_downloads\javax\activation\javax.activation-api\1.2.0\javax.activation-api-1.2.0.jar;D:\maven_downloads\javax\activation\activation\1.1.1\activation-1.1.1.jar;D:\maven_downloads\org\glassfish\jaxb\jaxb-runtime\2.3.3\jaxb-runtime-2.3.3.jar;D:\maven_downloads\org\glassfish\jaxb\txw2\2.3.8\txw2-2.3.8.jar;D:\maven_downloads\com\sun\istack\istack-commons-runtime\3.0.11\istack-commons-runtime-3.0.11.jar;D:\maven_downloads\com\sun\activation\jakarta.activation\1.2.2\jakarta.activation-1.2.2.jar;D:\maven_downloads\org\projectlombok\lombok\1.18.24\lombok-1.18.24.jar;"/>
    <property name="java.vm.vendor" value="Oracle Corporation"/>
    <property name="sun.arch.data.model" value="64"/>
    <property name="user.variant" value=""/>
    <property name="java.vendor.url" value="https://openjdk.java.net/"/>
    <property name="user.timezone" value="Asia/Shanghai"/>
    <property name="java.vm.specification.version" value="11"/>
    <property name="os.name" value="Windows 11"/>
    <property name="sun.java.launcher" value="SUN_STANDARD"/>
    <property name="user.country" value="CN"/>
    <property name="sun.boot.library.path" value="D:\java\jdk\jdk-11.0.17\bin"/>
    <property name="sun.java.command" value="C:\Users\ling\AppData\Local\Temp\surefire8522454688539067462\surefirebooter6030611023352933942.jar C:\Users\ling\AppData\Local\Temp\surefire8522454688539067462 2023-04-03T15-22-10_829-jvmRun1 surefire15173620014490674703tmp surefire_013060920731294764951tmp"/>
    <property name="jdk.debug" value="release"/>
    <property name="surefire.test.class.path" value="D:\Learn\Learn_Java\JAVA_WEB_Boot\tlias-web-managment\tlias-web-managment\target\test-classes;D:\Learn\Learn_Java\JAVA_WEB_Boot\tlias-web-managment\tlias-web-managment\target\classes;D:\maven_downloads\org\springframework\boot\spring-boot-starter-web\2.7.10\spring-boot-starter-web-2.7.10.jar;D:\maven_downloads\org\springframework\boot\spring-boot-starter\2.7.10\spring-boot-starter-2.7.10.jar;D:\maven_downloads\org\springframework\boot\spring-boot\2.7.10\spring-boot-2.7.10.jar;D:\maven_downloads\org\springframework\boot\spring-boot-autoconfigure\2.7.10\spring-boot-autoconfigure-2.7.10.jar;D:\maven_downloads\org\springframework\boot\spring-boot-starter-logging\2.7.10\spring-boot-starter-logging-2.7.10.jar;D:\maven_downloads\ch\qos\logback\logback-classic\1.2.11\logback-classic-1.2.11.jar;D:\maven_downloads\ch\qos\logback\logback-core\1.2.11\logback-core-1.2.11.jar;D:\maven_downloads\org\apache\logging\log4j\log4j-to-slf4j\2.17.2\log4j-to-slf4j-2.17.2.jar;D:\maven_downloads\org\apache\logging\log4j\log4j-api\2.17.2\log4j-api-2.17.2.jar;D:\maven_downloads\org\slf4j\jul-to-slf4j\1.7.36\jul-to-slf4j-1.7.36.jar;D:\maven_downloads\jakarta\annotation\jakarta.annotation-api\1.3.5\jakarta.annotation-api-1.3.5.jar;D:\maven_downloads\org\yaml\snakeyaml\1.30\snakeyaml-1.30.jar;D:\maven_downloads\org\springframework\boot\spring-boot-starter-json\2.7.10\spring-boot-starter-json-2.7.10.jar;D:\maven_downloads\com\fasterxml\jackson\datatype\jackson-datatype-jdk8\2.13.5\jackson-datatype-jdk8-2.13.5.jar;D:\maven_downloads\com\fasterxml\jackson\datatype\jackson-datatype-jsr310\2.13.5\jackson-datatype-jsr310-2.13.5.jar;D:\maven_downloads\com\fasterxml\jackson\module\jackson-module-parameter-names\2.13.5\jackson-module-parameter-names-2.13.5.jar;D:\maven_downloads\org\springframework\boot\spring-boot-starter-tomcat\2.7.10\spring-boot-starter-tomcat-2.7.10.jar;D:\maven_downloads\org\apache\tomcat\embed\tomcat-embed-core\9.0.73\tomcat-embed-core-9.0.73.jar;D:\maven_downloads\org\apache\tomcat\embed\tomcat-embed-el\9.0.73\tomcat-embed-el-9.0.73.jar;D:\maven_downloads\org\apache\tomcat\embed\tomcat-embed-websocket\9.0.73\tomcat-embed-websocket-9.0.73.jar;D:\maven_downloads\org\springframework\spring-web\5.3.26\spring-web-5.3.26.jar;D:\maven_downloads\org\springframework\spring-beans\5.3.26\spring-beans-5.3.26.jar;D:\maven_downloads\org\springframework\spring-webmvc\5.3.26\spring-webmvc-5.3.26.jar;D:\maven_downloads\org\springframework\spring-context\5.3.26\spring-context-5.3.26.jar;D:\maven_downloads\org\springframework\spring-expression\5.3.26\spring-expression-5.3.26.jar;D:\maven_downloads\org\mybatis\spring\boot\mybatis-spring-boot-starter\2.3.0\mybatis-spring-boot-starter-2.3.0.jar;D:\maven_downloads\org\springframework\boot\spring-boot-starter-jdbc\2.7.10\spring-boot-starter-jdbc-2.7.10.jar;D:\maven_downloads\com\zaxxer\HikariCP\4.0.3\HikariCP-4.0.3.jar;D:\maven_downloads\org\springframework\spring-jdbc\5.3.26\spring-jdbc-5.3.26.jar;D:\maven_downloads\org\springframework\spring-tx\5.3.26\spring-tx-5.3.26.jar;D:\maven_downloads\org\mybatis\spring\boot\mybatis-spring-boot-autoconfigure\2.3.0\mybatis-spring-boot-autoconfigure-2.3.0.jar;D:\maven_downloads\org\mybatis\mybatis\3.5.11\mybatis-3.5.11.jar;D:\maven_downloads\org\mybatis\mybatis-spring\2.1.0\mybatis-spring-2.1.0.jar;D:\maven_downloads\com\mysql\mysql-connector-j\8.0.32\mysql-connector-j-8.0.32.jar;D:\maven_downloads\org\springframework\boot\spring-boot-starter-test\2.7.10\spring-boot-starter-test-2.7.10.jar;D:\maven_downloads\org\springframework\boot\spring-boot-test\2.7.10\spring-boot-test-2.7.10.jar;D:\maven_downloads\org\springframework\boot\spring-boot-test-autoconfigure\2.7.10\spring-boot-test-autoconfigure-2.7.10.jar;D:\maven_downloads\com\jayway\jsonpath\json-path\2.7.0\json-path-2.7.0.jar;D:\maven_downloads\net\minidev\json-smart\2.4.10\json-smart-2.4.10.jar;D:\maven_downloads\net\minidev\accessors-smart\2.4.9\accessors-smart-2.4.9.jar;D:\maven_downloads\org\ow2\asm\asm\9.3\asm-9.3.jar;D:\maven_downloads\org\slf4j\slf4j-api\1.7.36\slf4j-api-1.7.36.jar;D:\maven_downloads\jakarta\xml\bind\jakarta.xml.bind-api\2.3.3\jakarta.xml.bind-api-2.3.3.jar;D:\maven_downloads\jakarta\activation\jakarta.activation-api\1.2.2\jakarta.activation-api-1.2.2.jar;D:\maven_downloads\org\assertj\assertj-core\3.22.0\assertj-core-3.22.0.jar;D:\maven_downloads\org\hamcrest\hamcrest\2.2\hamcrest-2.2.jar;D:\maven_downloads\org\junit\jupiter\junit-jupiter\5.8.2\junit-jupiter-5.8.2.jar;D:\maven_downloads\org\junit\jupiter\junit-jupiter-api\5.8.2\junit-jupiter-api-5.8.2.jar;D:\maven_downloads\org\opentest4j\opentest4j\1.2.0\opentest4j-1.2.0.jar;D:\maven_downloads\org\junit\platform\junit-platform-commons\1.8.2\junit-platform-commons-1.8.2.jar;D:\maven_downloads\org\apiguardian\apiguardian-api\1.1.2\apiguardian-api-1.1.2.jar;D:\maven_downloads\org\junit\jupiter\junit-jupiter-params\5.8.2\junit-jupiter-params-5.8.2.jar;D:\maven_downloads\org\junit\jupiter\junit-jupiter-engine\5.8.2\junit-jupiter-engine-5.8.2.jar;D:\maven_downloads\org\junit\platform\junit-platform-engine\1.8.2\junit-platform-engine-1.8.2.jar;D:\maven_downloads\org\mockito\mockito-core\4.5.1\mockito-core-4.5.1.jar;D:\maven_downloads\net\bytebuddy\byte-buddy\1.12.23\byte-buddy-1.12.23.jar;D:\maven_downloads\net\bytebuddy\byte-buddy-agent\1.12.23\byte-buddy-agent-1.12.23.jar;D:\maven_downloads\org\objenesis\objenesis\3.2\objenesis-3.2.jar;D:\maven_downloads\org\mockito\mockito-junit-jupiter\4.5.1\mockito-junit-jupiter-4.5.1.jar;D:\maven_downloads\org\skyscreamer\jsonassert\1.5.1\jsonassert-1.5.1.jar;D:\maven_downloads\com\vaadin\external\google\android-json\0.0.20131108.vaadin1\android-json-0.0.20131108.vaadin1.jar;D:\maven_downloads\org\springframework\spring-core\5.3.26\spring-core-5.3.26.jar;D:\maven_downloads\org\springframework\spring-jcl\5.3.26\spring-jcl-5.3.26.jar;D:\maven_downloads\org\springframework\spring-test\5.3.26\spring-test-5.3.26.jar;D:\maven_downloads\org\xmlunit\xmlunit-core\2.9.1\xmlunit-core-2.9.1.jar;D:\maven_downloads\com\github\pagehelper\pagehelper-spring-boot-starter\1.4.2\pagehelper-spring-boot-starter-1.4.2.jar;D:\maven_downloads\com\github\pagehelper\pagehelper-spring-boot-autoconfigure\1.4.2\pagehelper-spring-boot-autoconfigure-1.4.2.jar;D:\maven_downloads\com\github\pagehelper\pagehelper\5.3.0\pagehelper-5.3.0.jar;D:\maven_downloads\com\github\jsqlparser\jsqlparser\4.2\jsqlparser-4.2.jar;D:\maven_downloads\org\springframework\boot\spring-boot-configuration-processor\2.7.10\spring-boot-configuration-processor-2.7.10.jar;D:\maven_downloads\io\jsonwebtoken\jjwt\0.9.1\jjwt-0.9.1.jar;D:\maven_downloads\com\fasterxml\jackson\core\jackson-databind\2.13.5\jackson-databind-2.13.5.jar;D:\maven_downloads\com\fasterxml\jackson\core\jackson-annotations\2.13.5\jackson-annotations-2.13.5.jar;D:\maven_downloads\com\fasterxml\jackson\core\jackson-core\2.13.5\jackson-core-2.13.5.jar;D:\maven_downloads\com\alibaba\fastjson\1.2.75\fastjson-1.2.75.jar;D:\maven_downloads\org\springframework\boot\spring-boot-starter-aop\2.7.10\spring-boot-starter-aop-2.7.10.jar;D:\maven_downloads\org\springframework\spring-aop\5.3.26\spring-aop-5.3.26.jar;D:\maven_downloads\org\aspectj\aspectjweaver\1.9.7\aspectjweaver-1.9.7.jar;D:\Learn\Learn_Java\JAVA_WEB_Boot\tlias-pojo\target\tlias-pojo-1.0-SNAPSHOT.jar;D:\Learn\Learn_Java\JAVA_WEB_Boot\tlias-utils\target\tlias-utils-1.0-SNAPSHOT.jar;D:\maven_downloads\com\aliyun\oss\aliyun-sdk-oss\3.15.1\aliyun-sdk-oss-3.15.1.jar;D:\maven_downloads\org\apache\httpcomponents\httpclient\4.5.14\httpclient-4.5.14.jar;D:\maven_downloads\org\apache\httpcomponents\httpcore\4.4.16\httpcore-4.4.16.jar;D:\maven_downloads\commons-codec\commons-codec\1.15\commons-codec-1.15.jar;D:\maven_downloads\org\jdom\jdom2\2.0.6.1\jdom2-2.0.6.1.jar;D:\maven_downloads\org\codehaus\jettison\jettison\1.1\jettison-1.1.jar;D:\maven_downloads\stax\stax-api\1.0.1\stax-api-1.0.1.jar;D:\maven_downloads\com\aliyun\aliyun-java-sdk-core\4.5.10\aliyun-java-sdk-core-4.5.10.jar;D:\maven_downloads\com\google\code\gson\gson\2.9.1\gson-2.9.1.jar;D:\maven_downloads\commons-logging\commons-logging\1.2\commons-logging-1.2.jar;D:\maven_downloads\org\jacoco\org.jacoco.agent\0.8.5\org.jacoco.agent-0.8.5-runtime.jar;D:\maven_downloads\org\ini4j\ini4j\0.5.4\ini4j-0.5.4.jar;D:\maven_downloads\io\opentracing\opentracing-api\0.33.0\opentracing-api-0.33.0.jar;D:\maven_downloads\io\opentracing\opentracing-util\0.33.0\opentracing-util-0.33.0.jar;D:\maven_downloads\io\opentracing\opentracing-noop\0.33.0\opentracing-noop-0.33.0.jar;D:\maven_downloads\com\aliyun\aliyun-java-sdk-ram\3.1.0\aliyun-java-sdk-ram-3.1.0.jar;D:\maven_downloads\com\aliyun\aliyun-java-sdk-kms\2.11.0\aliyun-java-sdk-kms-2.11.0.jar;D:\maven_downloads\javax\xml\bind\jaxb-api\2.3.1\jaxb-api-2.3.1.jar;D:\maven_downloads\javax\activation\javax.activation-api\1.2.0\javax.activation-api-1.2.0.jar;D:\maven_downloads\javax\activation\activation\1.1.1\activation-1.1.1.jar;D:\maven_downloads\org\glassfish\jaxb\jaxb-runtime\2.3.3\jaxb-runtime-2.3.3.jar;D:\maven_downloads\org\glassfish\jaxb\txw2\2.3.8\txw2-2.3.8.jar;D:\maven_downloads\com\sun\istack\istack-commons-runtime\3.0.11\istack-commons-runtime-3.0.11.jar;D:\maven_downloads\com\sun\activation\jakarta.activation\1.2.2\jakarta.activation-1.2.2.jar;D:\maven_downloads\org\projectlombok\lombok\1.18.24\lombok-1.18.24.jar;"/>
    <property name="sun.cpu.endian" value="little"/>
    <property name="user.home" value="C:\Users\ling"/>
    <property name="user.language" value="zh"/>
    <property name="java.specification.vendor" value="Oracle Corporation"/>
    <property name="java.version.date" value="2022-10-18"/>
    <property name="java.home" value="D:\java\jdk\jdk-11.0.17"/>
    <property name="file.separator" value="\"/>
    <property name="basedir" value="D:\Learn\Learn_Java\JAVA_WEB_Boot\tlias-web-managment\tlias-web-managment"/>
    <property name="java.vm.compressedOopsMode" value="Zero based"/>
    <property name="line.separator" value="&#10;"/>
    <property name="java.specification.name" value="Java Platform API Specification"/>
    <property name="java.vm.specification.vendor" value="Oracle Corporation"/>
    <property name="java.awt.graphicsenv" value="sun.awt.Win32GraphicsEnvironment"/>
    <property name="surefire.real.class.path" value="C:\Users\ling\AppData\Local\Temp\surefire8522454688539067462\surefirebooter6030611023352933942.jar"/>
    <property name="user.script" value=""/>
    <property name="sun.management.compiler" value="HotSpot 64-Bit Tiered Compilers"/>
    <property name="java.runtime.version" value="11.0.17+10-LTS-269"/>
    <property name="user.name" value="ling"/>
    <property name="path.separator" value=";"/>
    <property name="os.version" value="10.0"/>
    <property name="java.runtime.name" value="Java(TM) SE Runtime Environment"/>
    <property name="file.encoding" value="GBK"/>
    <property name="java.vm.name" value="Java HotSpot(TM) 64-Bit Server VM"/>
    <property name="java.vendor.version" value="18.9"/>
    <property name="localRepository" value="D:\maven_downloads"/>
    <property name="java.vendor.url.bug" value="https://bugreport.java.com/bugreport/"/>
    <property name="java.io.tmpdir" value="C:\Users\ling\AppData\Local\Temp\"/>
    <property name="idea.version" value="2022.3.3"/>
    <property name="java.version" value="11.0.17"/>
    <property name="user.dir" value="D:\Learn\Learn_Java\JAVA_WEB_Boot\tlias-web-managment\tlias-web-managment"/>
    <property name="os.arch" value="amd64"/>
    <property name="java.vm.specification.name" value="Java Virtual Machine Specification"/>
    <property name="java.awt.printerjob" value="sun.awt.windows.WPrinterJob"/>
    <property name="sun.os.patch.level" value=""/>
    <property name="java.library.path" value="D:\java\jdk\jdk-11.0.17\bin;C:\WINDOWS\Sun\Java\bin;C:\WINDOWS\system32;C:\WINDOWS;D:\Linux\environment\bin\;C:\Windows\system32;C:\Windows;C:\Windows\System32\Wbem;C:\Windows\System32\WindowsPowerShell\v1.0\;C:\Windows\System32\OpenSSH\;C:\Program Files\Microsoft SQL Server\150\Tools\Binn\;C:\Program Files\Microsoft SQL Server\130\Tools\Binn\;D:\Learn\javaJDK\bin\bin;D:\Learn\javaJDK\bin\jre\bin;D:\Learn\javaJDK\bin;D:\Learn\apache-maven-3.6.3\bin;D:\Xshell\;D:\xftp7\;D:\nodejs\;D:\nodejs\node_modules\npm\bin;C:\WINDOWS\system32;C:\WINDOWS;C:\WINDOWS\System32\Wbem;C:\WINDOWS\System32\WindowsPowerShell\v1.0\;C:\WINDOWS\System32\OpenSSH\;C:\Program Files\Git\cmd;C:\Program Files\Git\user\bin;C:\Program Files\Git\bin;D:\nodejs;D:\Software\Microsoft VS Code\bin;;D:\HUAWEI-LiteOS-Studio\bin;C:\Users\ling\AppData\Local\Microsoft\WindowsApps;D:\Software\IntelliJ IDEA 2022.3.3\bin;;D:\Software\;C:\Program Files\MySQL\MySQL Server 5.7\bin;D:\Software\DataGrip 2022.2.2\bin;;D:\mysql\mysql8\bin;C:\Users\ling\AppData\Roaming\npm;D:\Software\CLion 2022.2.4\bin;;;D:\Software\WebStorm\WebStorm 2022.1.3\bin;;."/>
    <property name="java.vendor" value="Oracle Corporation"/>
    <property name="java.vm.info" value="mixed mode"/>
    <property name="java.vm.version" value="11.0.17+10-LTS-269"/>
    <property name="sun.io.unicode.encoding" value="UnicodeLittle"/>
    <property name="maven.repo.local" value="D:\maven_downloads"/>
    <property name="java.class.version" value="55.0"/>
  </properties>
  <testcase name="testGenJwt" classname="com.ling.boot.TliasWebManagmentApplicationTests" time="0.656"/>
</testsuite>